<?xml version="1.0" encoding="UTF-8"?>
<testng-results total="2" passed="2" failed="0" skipped="0">
  <reporter-output>
  </reporter-output>
  <suite started-at="2022-06-02T12:19:45Z" name="Jenkins Demo" finished-at="2022-06-02T12:20:00Z" duration-ms="15529">
    <groups>
    </groups>
    <test started-at="2022-06-02T12:19:45Z" name="Selenium tests by Aditya Pandey" finished-at="2022-06-02T12:20:00Z" duration-ms="15529">
      <class name="tests.UserLogin">
        <test-method is-config="true" signature="beforeClass()[pri:0, instance:tests.UserLogin@1f59a598]" started-at="2022-06-02T17:49:45Z" name="beforeClass" finished-at="2022-06-02T17:49:47Z" duration-ms="1688" status="PASS">
          <reporter-output>
          </reporter-output>
        </test-method> <!-- beforeClass -->
        <test-method signature="t1ValidData()[pri:0, instance:tests.UserLogin@1f59a598]" started-at="2022-06-02T17:49:47Z" name="t1ValidData" finished-at="2022-06-02T17:49:54Z" duration-ms="7335" status="PASS">
          <reporter-output>
          </reporter-output>
        </test-method> <!-- t1ValidData -->
        <test-method signature="t2InvalidData()[pri:0, instance:tests.UserLogin@1f59a598]" started-at="2022-06-02T17:49:54Z" name="t2InvalidData" finished-at="2022-06-02T17:50:00Z" duration-ms="6384" status="PASS">
          <reporter-output>
          </reporter-output>
        </test-method> <!-- t2InvalidData -->
        <test-method is-config="true" signature="AfterClass()[pri:0, instance:tests.UserLogin@1f59a598]" started-at="2022-06-02T17:50:00Z" name="AfterClass" finished-at="2022-06-02T17:50:00Z" duration-ms="110" status="PASS">
          <reporter-output>
          </reporter-output>
        </test-method> <!-- AfterClass -->
      </class> <!-- tests.UserLogin -->
    </test> <!-- Selenium tests by Aditya Pandey -->
  </suite> <!-- Jenkins Demo -->
</testng-results>
