<?xml version="1.0" encoding="UTF-8"?>
<testng-results ignored="0" total="1" passed="1" failed="0" skipped="0">
  <reporter-output>
  </reporter-output>
  <suite started-at="2022-06-02T17:28:44 IST" name="Jenkins Demo" finished-at="2022-06-02T17:28:53 IST" duration-ms="8917">
    <groups>
    </groups>
    <test started-at="2022-06-02T17:28:44 IST" name="Selenium tests by Aditya Pandey" finished-at="2022-06-02T17:28:53 IST" duration-ms="8917">
      <class name="tests.UserLogin">
        <test-method is-config="true" signature="beforeClass()[pri:0, instance:tests.UserLogin@3e0e1046]" started-at="2022-06-02T17:28:44 IST" name="beforeClass" finished-at="2022-06-02T17:28:46 IST" duration-ms="1472" status="PASS">
          <reporter-output>
          </reporter-output>
        </test-method> <!-- beforeClass -->
        <test-method signature="open()[pri:0, instance:tests.UserLogin@3e0e1046]" started-at="2022-06-02T17:28:46 IST" name="open" finished-at="2022-06-02T17:28:53 IST" duration-ms="7310" status="PASS">
          <reporter-output>
          </reporter-output>
        </test-method> <!-- open -->
        <test-method is-config="true" signature="AfterClass()[pri:0, instance:tests.UserLogin@3e0e1046]" started-at="2022-06-02T17:28:53 IST" name="AfterClass" finished-at="2022-06-02T17:28:53 IST" duration-ms="91" status="PASS">
          <reporter-output>
          </reporter-output>
        </test-method> <!-- AfterClass -->
      </class> <!-- tests.UserLogin -->
    </test> <!-- Selenium tests by Aditya Pandey -->
  </suite> <!-- Jenkins Demo -->
</testng-results>
